31-10-2017 20:07:47.130 [main] INFO  com.valsesia.test.springboot.App.logStarting - Starting App on fedora26.valsesia with PID 15407 (/home/jvalsesia/Documents/Projects/springbootinit/target/classes started by jvalsesia in /home/jvalsesia/Documents/Projects/springbootinit)
31-10-2017 20:07:47.135 [main] DEBUG com.valsesia.test.springboot.App.logStarting - Running with Spring Boot v1.5.8.RELEASE, Spring v4.3.12.RELEASE
31-10-2017 20:07:47.136 [main] INFO  com.valsesia.test.springboot.App.logStartupProfileInfo - The following profiles are active: dev
31-10-2017 20:07:47.274 [main] INFO  o.s.b.c.e.AnnotationConfigEmbeddedWebApplicationContext.prepareRefresh - Refreshing org.springframework.boot.context.embedded.AnnotationConfigEmbeddedWebApplicationContext@1cfe896b: startup date [Tue Oct 31 20:07:47 BRST 2017]; root of context hierarchy
31-10-2017 20:07:48.048 [background-preinit] INFO  o.h.validator.internal.util.Version.<clinit> - HV000001: Hibernate Validator 5.3.5.Final
31-10-2017 20:07:49.960 [main] INFO  o.s.b.c.e.t.TomcatEmbeddedServletContainer.initialize - Tomcat initialized with port(s): 8080 (http)
31-10-2017 20:07:50.002 [main] INFO  o.a.catalina.core.StandardService.log - Starting service [Tomcat]
31-10-2017 20:07:50.004 [main] INFO  o.a.catalina.core.StandardEngine.log - Starting Servlet Engine: Apache Tomcat/8.5.23
31-10-2017 20:07:50.122 [localhost-startStop-1] INFO  o.a.c.c.C.[Tomcat].[localhost].[/].log - Initializing Spring embedded WebApplicationContext
31-10-2017 20:07:50.122 [localhost-startStop-1] INFO  o.s.web.context.ContextLoader.prepareEmbeddedWebApplicationContext - Root WebApplicationContext: initialization completed in 2864 ms
31-10-2017 20:07:50.542 [localhost-startStop-1] INFO  o.s.b.w.s.ServletRegistrationBean.onStartup - Mapping servlet: 'dispatcherServlet' to [/]
31-10-2017 20:07:50.549 [localhost-startStop-1] INFO  o.s.b.w.s.FilterRegistrationBean.configure - Mapping filter: 'metricsFilter' to: [/*]
31-10-2017 20:07:50.550 [localhost-startStop-1] INFO  o.s.b.w.s.FilterRegistrationBean.configure - Mapping filter: 'characterEncodingFilter' to: [/*]
31-10-2017 20:07:50.551 [localhost-startStop-1] INFO  o.s.b.w.s.FilterRegistrationBean.configure - Mapping filter: 'hiddenHttpMethodFilter' to: [/*]
31-10-2017 20:07:50.552 [localhost-startStop-1] INFO  o.s.b.w.s.FilterRegistrationBean.configure - Mapping filter: 'httpPutFormContentFilter' to: [/*]
31-10-2017 20:07:50.552 [localhost-startStop-1] INFO  o.s.b.w.s.FilterRegistrationBean.configure - Mapping filter: 'requestContextFilter' to: [/*]
31-10-2017 20:07:50.552 [localhost-startStop-1] INFO  o.s.b.w.s.FilterRegistrationBean.configure - Mapping filter: 'webRequestLoggingFilter' to: [/*]
31-10-2017 20:07:50.553 [localhost-startStop-1] INFO  o.s.b.w.s.FilterRegistrationBean.configure - Mapping filter: 'applicationContextIdFilter' to: [/*]
31-10-2017 20:07:51.189 [main] INFO  o.s.w.s.m.m.a.RequestMappingHandlerAdapter.initControllerAdviceCache - Looking for @ControllerAdvice: org.springframework.boot.context.embedded.AnnotationConfigEmbeddedWebApplicationContext@1cfe896b: startup date [Tue Oct 31 20:07:47 BRST 2017]; root of context hierarchy
31-10-2017 20:07:51.291 [main] INFO  o.s.w.s.m.m.a.RequestMappingHandlerMapping.register - Mapped "{[/]}" onto java.lang.String com.valsesia.test.springboot.App.home()
31-10-2017 20:07:51.298 [main] INFO  o.s.w.s.m.m.a.RequestMappingHandlerMapping.register - Mapped "{[/error],produces=[text/html]}" onto public org.springframework.web.servlet.ModelAndView org.springframework.boot.autoconfigure.web.BasicErrorController.errorHtml(javax.servlet.http.HttpServletRequest,javax.servlet.http.HttpServletResponse)
31-10-2017 20:07:51.299 [main] INFO  o.s.w.s.m.m.a.RequestMappingHandlerMapping.register - Mapped "{[/error]}" onto public org.springframework.http.ResponseEntity<java.util.Map<java.lang.String, java.lang.Object>> org.springframework.boot.autoconfigure.web.BasicErrorController.error(javax.servlet.http.HttpServletRequest)
31-10-2017 20:07:51.352 [main] INFO  o.s.w.s.h.SimpleUrlHandlerMapping.registerHandler - Mapped URL path [/webjars/**] onto handler of type [class org.springframework.web.servlet.resource.ResourceHttpRequestHandler]
31-10-2017 20:07:51.352 [main] INFO  o.s.w.s.h.SimpleUrlHandlerMapping.registerHandler - Mapped URL path [/**] onto handler of type [class org.springframework.web.servlet.resource.ResourceHttpRequestHandler]
31-10-2017 20:07:51.435 [main] INFO  o.s.w.s.h.SimpleUrlHandlerMapping.registerHandler - Mapped URL path [/**/favicon.ico] onto handler of type [class org.springframework.web.servlet.resource.ResourceHttpRequestHandler]
31-10-2017 20:07:52.032 [main] INFO  o.s.b.a.e.mvc.EndpointHandlerMapping.register - Mapped "{[/auditevents || /auditevents.json],methods=[GET],produces=[application/vnd.spring-boot.actuator.v1+json || application/json]}" onto public org.springframework.http.ResponseEntity<?> org.springframework.boot.actuate.endpoint.mvc.AuditEventsMvcEndpoint.findByPrincipalAndAfterAndType(java.lang.String,java.util.Date,java.lang.String)
31-10-2017 20:07:52.033 [main] INFO  o.s.b.a.e.mvc.EndpointHandlerMapping.register - Mapped "{[/heapdump || /heapdump.json],methods=[GET],produces=[application/octet-stream]}" onto public void org.springframework.boot.actuate.endpoint.mvc.HeapdumpMvcEndpoint.invoke(boolean,javax.servlet.http.HttpServletRequest,javax.servlet.http.HttpServletResponse) throws java.io.IOException,javax.servlet.ServletException
31-10-2017 20:07:52.035 [main] INFO  o.s.b.a.e.mvc.EndpointHandlerMapping.register - Mapped "{[/logfile || /logfile.json],methods=[GET || HEAD]}" onto public void org.springframework.boot.actuate.endpoint.mvc.LogFileMvcEndpoint.invoke(javax.servlet.http.HttpServletRequest,javax.servlet.http.HttpServletResponse) throws javax.servlet.ServletException,java.io.IOException
31-10-2017 20:07:52.036 [main] INFO  o.s.b.a.e.mvc.EndpointHandlerMapping.register - Mapped "{[/trace || /trace.json],methods=[GET],produces=[application/vnd.spring-boot.actuator.v1+json || application/json]}" onto public java.lang.Object org.springframework.boot.actuate.endpoint.mvc.EndpointMvcAdapter.invoke()
31-10-2017 20:07:52.046 [main] INFO  o.s.b.a.e.mvc.EndpointHandlerMapping.register - Mapped "{[/env/{name:.*}],methods=[GET],produces=[application/vnd.spring-boot.actuator.v1+json || application/json]}" onto public java.lang.Object org.springframework.boot.actuate.endpoint.mvc.EnvironmentMvcEndpoint.value(java.lang.String)
31-10-2017 20:07:52.047 [main] INFO  o.s.b.a.e.mvc.EndpointHandlerMapping.register - Mapped "{[/env || /env.json],methods=[GET],produces=[application/vnd.spring-boot.actuator.v1+json || application/json]}" onto public java.lang.Object org.springframework.boot.actuate.endpoint.mvc.EndpointMvcAdapter.invoke()
31-10-2017 20:07:52.050 [main] INFO  o.s.b.a.e.mvc.EndpointHandlerMapping.register - Mapped "{[/metrics/{name:.*}],methods=[GET],produces=[application/vnd.spring-boot.actuator.v1+json || application/json]}" onto public java.lang.Object org.springframework.boot.actuate.endpoint.mvc.MetricsMvcEndpoint.value(java.lang.String)
31-10-2017 20:07:52.051 [main] INFO  o.s.b.a.e.mvc.EndpointHandlerMapping.register - Mapped "{[/metrics || /metrics.json],methods=[GET],produces=[application/vnd.spring-boot.actuator.v1+json || application/json]}" onto public java.lang.Object org.springframework.boot.actuate.endpoint.mvc.EndpointMvcAdapter.invoke()
31-10-2017 20:07:52.052 [main] INFO  o.s.b.a.e.mvc.EndpointHandlerMapping.register - Mapped "{[/dump || /dump.json],methods=[GET],produces=[application/vnd.spring-boot.actuator.v1+json || application/json]}" onto public java.lang.Object org.springframework.boot.actuate.endpoint.mvc.EndpointMvcAdapter.invoke()
31-10-2017 20:07:52.056 [main] INFO  o.s.b.a.e.mvc.EndpointHandlerMapping.register - Mapped "{[/configprops || /configprops.json],methods=[GET],produces=[application/vnd.spring-boot.actuator.v1+json || application/json]}" onto public java.lang.Object org.springframework.boot.actuate.endpoint.mvc.EndpointMvcAdapter.invoke()
31-10-2017 20:07:52.061 [main] INFO  o.s.b.a.e.mvc.EndpointHandlerMapping.register - Mapped "{[/info || /info.json],methods=[GET],produces=[application/vnd.spring-boot.actuator.v1+json || application/json]}" onto public java.lang.Object org.springframework.boot.actuate.endpoint.mvc.EndpointMvcAdapter.invoke()
31-10-2017 20:07:52.065 [main] INFO  o.s.b.a.e.mvc.EndpointHandlerMapping.register - Mapped "{[/loggers/{name:.*}],methods=[GET],produces=[application/vnd.spring-boot.actuator.v1+json || application/json]}" onto public java.lang.Object org.springframework.boot.actuate.endpoint.mvc.LoggersMvcEndpoint.get(java.lang.String)
31-10-2017 20:07:52.066 [main] INFO  o.s.b.a.e.mvc.EndpointHandlerMapping.register - Mapped "{[/loggers/{name:.*}],methods=[POST],consumes=[application/vnd.spring-boot.actuator.v1+json || application/json],produces=[application/vnd.spring-boot.actuator.v1+json || application/json]}" onto public java.lang.Object org.springframework.boot.actuate.endpoint.mvc.LoggersMvcEndpoint.set(java.lang.String,java.util.Map<java.lang.String, java.lang.String>)
31-10-2017 20:07:52.067 [main] INFO  o.s.b.a.e.mvc.EndpointHandlerMapping.register - Mapped "{[/loggers || /loggers.json],methods=[GET],produces=[application/vnd.spring-boot.actuator.v1+json || application/json]}" onto public java.lang.Object org.springframework.boot.actuate.endpoint.mvc.EndpointMvcAdapter.invoke()
31-10-2017 20:07:52.068 [main] INFO  o.s.b.a.e.mvc.EndpointHandlerMapping.register - Mapped "{[/beans || /beans.json],methods=[GET],produces=[application/vnd.spring-boot.actuator.v1+json || application/json]}" onto public java.lang.Object org.springframework.boot.actuate.endpoint.mvc.EndpointMvcAdapter.invoke()
31-10-2017 20:07:52.070 [main] INFO  o.s.b.a.e.mvc.EndpointHandlerMapping.register - Mapped "{[/health || /health.json],methods=[GET],produces=[application/vnd.spring-boot.actuator.v1+json || application/json]}" onto public java.lang.Object org.springframework.boot.actuate.endpoint.mvc.HealthMvcEndpoint.invoke(javax.servlet.http.HttpServletRequest,java.security.Principal)
31-10-2017 20:07:52.071 [main] INFO  o.s.b.a.e.mvc.EndpointHandlerMapping.register - Mapped "{[/autoconfig || /autoconfig.json],methods=[GET],produces=[application/vnd.spring-boot.actuator.v1+json || application/json]}" onto public java.lang.Object org.springframework.boot.actuate.endpoint.mvc.EndpointMvcAdapter.invoke()
31-10-2017 20:07:52.073 [main] INFO  o.s.b.a.e.mvc.EndpointHandlerMapping.register - Mapped "{[/mappings || /mappings.json],methods=[GET],produces=[application/vnd.spring-boot.actuator.v1+json || application/json]}" onto public java.lang.Object org.springframework.boot.actuate.endpoint.mvc.EndpointMvcAdapter.invoke()
31-10-2017 20:07:52.287 [main] INFO  o.s.j.e.a.AnnotationMBeanExporter.afterSingletonsInstantiated - Registering beans for JMX exposure on startup
31-10-2017 20:07:52.302 [main] INFO  o.s.b.a.e.jmx.EndpointMBeanExporter.afterSingletonsInstantiated - Registering beans for JMX exposure on startup
31-10-2017 20:07:52.313 [main] INFO  o.s.c.s.DefaultLifecycleProcessor.start - Starting beans in phase 0
31-10-2017 20:07:52.317 [main] INFO  o.s.b.a.e.jmx.EndpointMBeanExporter.registerBeanInstance - Located managed bean 'auditEventsEndpoint': registering with JMX server as MBean [org.springframework.boot:type=Endpoint,name=auditEventsEndpoint]
31-10-2017 20:07:52.360 [main] INFO  o.s.b.a.e.jmx.EndpointMBeanExporter.registerBeanInstance - Located managed bean 'requestMappingEndpoint': registering with JMX server as MBean [org.springframework.boot:type=Endpoint,name=requestMappingEndpoint]
31-10-2017 20:07:52.389 [main] INFO  o.s.b.a.e.jmx.EndpointMBeanExporter.registerBeanInstance - Located managed bean 'environmentEndpoint': registering with JMX server as MBean [org.springframework.boot:type=Endpoint,name=environmentEndpoint]
31-10-2017 20:07:52.402 [main] INFO  o.s.b.a.e.jmx.EndpointMBeanExporter.registerBeanInstance - Located managed bean 'healthEndpoint': registering with JMX server as MBean [org.springframework.boot:type=Endpoint,name=healthEndpoint]
31-10-2017 20:07:52.408 [main] INFO  o.s.b.a.e.jmx.EndpointMBeanExporter.registerBeanInstance - Located managed bean 'beansEndpoint': registering with JMX server as MBean [org.springframework.boot:type=Endpoint,name=beansEndpoint]
31-10-2017 20:07:52.417 [main] INFO  o.s.b.a.e.jmx.EndpointMBeanExporter.registerBeanInstance - Located managed bean 'infoEndpoint': registering with JMX server as MBean [org.springframework.boot:type=Endpoint,name=infoEndpoint]
31-10-2017 20:07:52.423 [main] INFO  o.s.b.a.e.jmx.EndpointMBeanExporter.registerBeanInstance - Located managed bean 'loggersEndpoint': registering with JMX server as MBean [org.springframework.boot:type=Endpoint,name=loggersEndpoint]
31-10-2017 20:07:52.433 [main] INFO  o.s.b.a.e.jmx.EndpointMBeanExporter.registerBeanInstance - Located managed bean 'metricsEndpoint': registering with JMX server as MBean [org.springframework.boot:type=Endpoint,name=metricsEndpoint]
31-10-2017 20:07:52.438 [main] INFO  o.s.b.a.e.jmx.EndpointMBeanExporter.registerBeanInstance - Located managed bean 'traceEndpoint': registering with JMX server as MBean [org.springframework.boot:type=Endpoint,name=traceEndpoint]
31-10-2017 20:07:52.445 [main] INFO  o.s.b.a.e.jmx.EndpointMBeanExporter.registerBeanInstance - Located managed bean 'dumpEndpoint': registering with JMX server as MBean [org.springframework.boot:type=Endpoint,name=dumpEndpoint]
31-10-2017 20:07:52.450 [main] INFO  o.s.b.a.e.jmx.EndpointMBeanExporter.registerBeanInstance - Located managed bean 'autoConfigurationReportEndpoint': registering with JMX server as MBean [org.springframework.boot:type=Endpoint,name=autoConfigurationReportEndpoint]
31-10-2017 20:07:52.455 [main] INFO  o.s.b.a.e.jmx.EndpointMBeanExporter.registerBeanInstance - Located managed bean 'configurationPropertiesReportEndpoint': registering with JMX server as MBean [org.springframework.boot:type=Endpoint,name=configurationPropertiesReportEndpoint]
31-10-2017 20:07:52.487 [main] INFO  o.a.coyote.http11.Http11NioProtocol.log - Initializing ProtocolHandler ["http-nio-8080"]
31-10-2017 20:07:52.528 [main] INFO  o.a.coyote.http11.Http11NioProtocol.log - Starting ProtocolHandler ["http-nio-8080"]
31-10-2017 20:07:52.549 [main] INFO  o.a.tomcat.util.net.NioSelectorPool.log - Using a shared selector for servlet write/read
31-10-2017 20:07:52.596 [main] INFO  o.s.b.c.e.t.TomcatEmbeddedServletContainer.start - Tomcat started on port(s): 8080 (http)
31-10-2017 20:07:52.610 [main] INFO  com.valsesia.test.springboot.App.logStarted - Started App in 6.353 seconds (JVM running for 11.277)
31-10-2017 20:09:01.116 [main] INFO  com.valsesia.test.springboot.App.logStarting - Starting App on fedora26.valsesia with PID 15496 (/home/jvalsesia/Documents/Projects/springbootinit/target/classes started by jvalsesia in /home/jvalsesia/Documents/Projects/springbootinit)
31-10-2017 20:09:01.120 [main] DEBUG com.valsesia.test.springboot.App.logStarting - Running with Spring Boot v1.5.8.RELEASE, Spring v4.3.12.RELEASE
31-10-2017 20:09:01.121 [main] INFO  com.valsesia.test.springboot.App.logStartupProfileInfo - The following profiles are active: dev
31-10-2017 20:09:01.217 [main] INFO  o.s.b.c.e.AnnotationConfigEmbeddedWebApplicationContext.prepareRefresh - Refreshing org.springframework.boot.context.embedded.AnnotationConfigEmbeddedWebApplicationContext@7b3889f9: startup date [Tue Oct 31 20:09:01 BRST 2017]; root of context hierarchy
31-10-2017 20:09:01.961 [background-preinit] INFO  o.h.validator.internal.util.Version.<clinit> - HV000001: Hibernate Validator 5.3.5.Final
31-10-2017 20:09:03.668 [main] INFO  o.s.b.c.e.t.TomcatEmbeddedServletContainer.initialize - Tomcat initialized with port(s): 8080 (http)
31-10-2017 20:09:03.692 [main] INFO  o.a.catalina.core.StandardService.log - Starting service [Tomcat]
31-10-2017 20:09:03.694 [main] INFO  o.a.catalina.core.StandardEngine.log - Starting Servlet Engine: Apache Tomcat/8.5.23
31-10-2017 20:09:03.822 [localhost-startStop-1] INFO  o.a.c.c.C.[Tomcat].[localhost].[/].log - Initializing Spring embedded WebApplicationContext
31-10-2017 20:09:03.823 [localhost-startStop-1] INFO  o.s.web.context.ContextLoader.prepareEmbeddedWebApplicationContext - Root WebApplicationContext: initialization completed in 2611 ms
31-10-2017 20:09:04.250 [localhost-startStop-1] INFO  o.s.b.w.s.ServletRegistrationBean.onStartup - Mapping servlet: 'dispatcherServlet' to [/]
31-10-2017 20:09:04.257 [localhost-startStop-1] INFO  o.s.b.w.s.FilterRegistrationBean.configure - Mapping filter: 'metricsFilter' to: [/*]
31-10-2017 20:09:04.258 [localhost-startStop-1] INFO  o.s.b.w.s.FilterRegistrationBean.configure - Mapping filter: 'characterEncodingFilter' to: [/*]
31-10-2017 20:09:04.258 [localhost-startStop-1] INFO  o.s.b.w.s.FilterRegistrationBean.configure - Mapping filter: 'hiddenHttpMethodFilter' to: [/*]
31-10-2017 20:09:04.259 [localhost-startStop-1] INFO  o.s.b.w.s.FilterRegistrationBean.configure - Mapping filter: 'httpPutFormContentFilter' to: [/*]
31-10-2017 20:09:04.259 [localhost-startStop-1] INFO  o.s.b.w.s.FilterRegistrationBean.configure - Mapping filter: 'requestContextFilter' to: [/*]
31-10-2017 20:09:04.260 [localhost-startStop-1] INFO  o.s.b.w.s.FilterRegistrationBean.configure - Mapping filter: 'webRequestLoggingFilter' to: [/*]
31-10-2017 20:09:04.260 [localhost-startStop-1] INFO  o.s.b.w.s.FilterRegistrationBean.configure - Mapping filter: 'applicationContextIdFilter' to: [/*]
31-10-2017 20:09:05.032 [main] INFO  o.s.w.s.m.m.a.RequestMappingHandlerAdapter.initControllerAdviceCache - Looking for @ControllerAdvice: org.springframework.boot.context.embedded.AnnotationConfigEmbeddedWebApplicationContext@7b3889f9: startup date [Tue Oct 31 20:09:01 BRST 2017]; root of context hierarchy
31-10-2017 20:09:05.134 [main] INFO  o.s.w.s.m.m.a.RequestMappingHandlerMapping.register - Mapped "{[/]}" onto java.lang.String com.valsesia.test.springboot.App.home()
31-10-2017 20:09:05.142 [main] INFO  o.s.w.s.m.m.a.RequestMappingHandlerMapping.register - Mapped "{[/error],produces=[text/html]}" onto public org.springframework.web.servlet.ModelAndView org.springframework.boot.autoconfigure.web.BasicErrorController.errorHtml(javax.servlet.http.HttpServletRequest,javax.servlet.http.HttpServletResponse)
31-10-2017 20:09:05.143 [main] INFO  o.s.w.s.m.m.a.RequestMappingHandlerMapping.register - Mapped "{[/error]}" onto public org.springframework.http.ResponseEntity<java.util.Map<java.lang.String, java.lang.Object>> org.springframework.boot.autoconfigure.web.BasicErrorController.error(javax.servlet.http.HttpServletRequest)
31-10-2017 20:09:05.189 [main] INFO  o.s.w.s.h.SimpleUrlHandlerMapping.registerHandler - Mapped URL path [/webjars/**] onto handler of type [class org.springframework.web.servlet.resource.ResourceHttpRequestHandler]
31-10-2017 20:09:05.190 [main] INFO  o.s.w.s.h.SimpleUrlHandlerMapping.registerHandler - Mapped URL path [/**] onto handler of type [class org.springframework.web.servlet.resource.ResourceHttpRequestHandler]
31-10-2017 20:09:05.242 [main] INFO  o.s.w.s.h.SimpleUrlHandlerMapping.registerHandler - Mapped URL path [/**/favicon.ico] onto handler of type [class org.springframework.web.servlet.resource.ResourceHttpRequestHandler]
31-10-2017 20:09:05.689 [main] INFO  o.s.b.a.e.mvc.EndpointHandlerMapping.register - Mapped "{[/autoconfig || /autoconfig.json],methods=[GET],produces=[application/vnd.spring-boot.actuator.v1+json || application/json]}" onto public java.lang.Object org.springframework.boot.actuate.endpoint.mvc.EndpointMvcAdapter.invoke()
31-10-2017 20:09:05.691 [main] INFO  o.s.b.a.e.mvc.EndpointHandlerMapping.register - Mapped "{[/configprops || /configprops.json],methods=[GET],produces=[application/vnd.spring-boot.actuator.v1+json || application/json]}" onto public java.lang.Object org.springframework.boot.actuate.endpoint.mvc.EndpointMvcAdapter.invoke()
31-10-2017 20:09:05.693 [main] INFO  o.s.b.a.e.mvc.EndpointHandlerMapping.register - Mapped "{[/heapdump || /heapdump.json],methods=[GET],produces=[application/octet-stream]}" onto public void org.springframework.boot.actuate.endpoint.mvc.HeapdumpMvcEndpoint.invoke(boolean,javax.servlet.http.HttpServletRequest,javax.servlet.http.HttpServletResponse) throws java.io.IOException,javax.servlet.ServletException
31-10-2017 20:09:05.694 [main] INFO  o.s.b.a.e.mvc.EndpointHandlerMapping.register - Mapped "{[/auditevents || /auditevents.json],methods=[GET],produces=[application/vnd.spring-boot.actuator.v1+json || application/json]}" onto public org.springframework.http.ResponseEntity<?> org.springframework.boot.actuate.endpoint.mvc.AuditEventsMvcEndpoint.findByPrincipalAndAfterAndType(java.lang.String,java.util.Date,java.lang.String)
31-10-2017 20:09:05.696 [main] INFO  o.s.b.a.e.mvc.EndpointHandlerMapping.register - Mapped "{[/trace || /trace.json],methods=[GET],produces=[application/vnd.spring-boot.actuator.v1+json || application/json]}" onto public java.lang.Object org.springframework.boot.actuate.endpoint.mvc.EndpointMvcAdapter.invoke()
31-10-2017 20:09:05.698 [main] INFO  o.s.b.a.e.mvc.EndpointHandlerMapping.register - Mapped "{[/metrics/{name:.*}],methods=[GET],produces=[application/vnd.spring-boot.actuator.v1+json || application/json]}" onto public java.lang.Object org.springframework.boot.actuate.endpoint.mvc.MetricsMvcEndpoint.value(java.lang.String)
31-10-2017 20:09:05.699 [main] INFO  o.s.b.a.e.mvc.EndpointHandlerMapping.register - Mapped "{[/metrics || /metrics.json],methods=[GET],produces=[application/vnd.spring-boot.actuator.v1+json || application/json]}" onto public java.lang.Object org.springframework.boot.actuate.endpoint.mvc.EndpointMvcAdapter.invoke()
31-10-2017 20:09:05.701 [main] INFO  o.s.b.a.e.mvc.EndpointHandlerMapping.register - Mapped "{[/mappings || /mappings.json],methods=[GET],produces=[application/vnd.spring-boot.actuator.v1+json || application/json]}" onto public java.lang.Object org.springframework.boot.actuate.endpoint.mvc.EndpointMvcAdapter.invoke()
31-10-2017 20:09:05.706 [main] INFO  o.s.b.a.e.mvc.EndpointHandlerMapping.register - Mapped "{[/env/{name:.*}],methods=[GET],produces=[application/vnd.spring-boot.actuator.v1+json || application/json]}" onto public java.lang.Object org.springframework.boot.actuate.endpoint.mvc.EnvironmentMvcEndpoint.value(java.lang.String)
31-10-2017 20:09:05.707 [main] INFO  o.s.b.a.e.mvc.EndpointHandlerMapping.register - Mapped "{[/env || /env.json],methods=[GET],produces=[application/vnd.spring-boot.actuator.v1+json || application/json]}" onto public java.lang.Object org.springframework.boot.actuate.endpoint.mvc.EndpointMvcAdapter.invoke()
31-10-2017 20:09:05.709 [main] INFO  o.s.b.a.e.mvc.EndpointHandlerMapping.register - Mapped "{[/info || /info.json],methods=[GET],produces=[application/vnd.spring-boot.actuator.v1+json || application/json]}" onto public java.lang.Object org.springframework.boot.actuate.endpoint.mvc.EndpointMvcAdapter.invoke()
31-10-2017 20:09:05.711 [main] INFO  o.s.b.a.e.mvc.EndpointHandlerMapping.register - Mapped "{[/dump || /dump.json],methods=[GET],produces=[application/vnd.spring-boot.actuator.v1+json || application/json]}" onto public java.lang.Object org.springframework.boot.actuate.endpoint.mvc.EndpointMvcAdapter.invoke()
31-10-2017 20:09:05.714 [main] INFO  o.s.b.a.e.mvc.EndpointHandlerMapping.register - Mapped "{[/logfile || /logfile.json],methods=[GET || HEAD]}" onto public void org.springframework.boot.actuate.endpoint.mvc.LogFileMvcEndpoint.invoke(javax.servlet.http.HttpServletRequest,javax.servlet.http.HttpServletResponse) throws javax.servlet.ServletException,java.io.IOException
31-10-2017 20:09:05.716 [main] INFO  o.s.b.a.e.mvc.EndpointHandlerMapping.register - Mapped "{[/beans || /beans.json],methods=[GET],produces=[application/vnd.spring-boot.actuator.v1+json || application/json]}" onto public java.lang.Object org.springframework.boot.actuate.endpoint.mvc.EndpointMvcAdapter.invoke()
31-10-2017 20:09:05.719 [main] INFO  o.s.b.a.e.mvc.EndpointHandlerMapping.register - Mapped "{[/loggers/{name:.*}],methods=[GET],produces=[application/vnd.spring-boot.actuator.v1+json || application/json]}" onto public java.lang.Object org.springframework.boot.actuate.endpoint.mvc.LoggersMvcEndpoint.get(java.lang.String)
31-10-2017 20:09:05.720 [main] INFO  o.s.b.a.e.mvc.EndpointHandlerMapping.register - Mapped "{[/loggers/{name:.*}],methods=[POST],consumes=[application/vnd.spring-boot.actuator.v1+json || application/json],produces=[application/vnd.spring-boot.actuator.v1+json || application/json]}" onto public java.lang.Object org.springframework.boot.actuate.endpoint.mvc.LoggersMvcEndpoint.set(java.lang.String,java.util.Map<java.lang.String, java.lang.String>)
31-10-2017 20:09:05.721 [main] INFO  o.s.b.a.e.mvc.EndpointHandlerMapping.register - Mapped "{[/loggers || /loggers.json],methods=[GET],produces=[application/vnd.spring-boot.actuator.v1+json || application/json]}" onto public java.lang.Object org.springframework.boot.actuate.endpoint.mvc.EndpointMvcAdapter.invoke()
31-10-2017 20:09:05.723 [main] INFO  o.s.b.a.e.mvc.EndpointHandlerMapping.register - Mapped "{[/health || /health.json],methods=[GET],produces=[application/vnd.spring-boot.actuator.v1+json || application/json]}" onto public java.lang.Object org.springframework.boot.actuate.endpoint.mvc.HealthMvcEndpoint.invoke(javax.servlet.http.HttpServletRequest,java.security.Principal)
31-10-2017 20:09:05.891 [main] INFO  o.s.j.e.a.AnnotationMBeanExporter.afterSingletonsInstantiated - Registering beans for JMX exposure on startup
31-10-2017 20:09:05.902 [main] INFO  o.s.b.a.e.jmx.EndpointMBeanExporter.afterSingletonsInstantiated - Registering beans for JMX exposure on startup
31-10-2017 20:09:05.917 [main] INFO  o.s.c.s.DefaultLifecycleProcessor.start - Starting beans in phase 0
31-10-2017 20:09:05.921 [main] INFO  o.s.b.a.e.jmx.EndpointMBeanExporter.registerBeanInstance - Located managed bean 'auditEventsEndpoint': registering with JMX server as MBean [org.springframework.boot:type=Endpoint,name=auditEventsEndpoint]
31-10-2017 20:09:05.962 [main] INFO  o.s.b.a.e.jmx.EndpointMBeanExporter.registerBeanInstance - Located managed bean 'requestMappingEndpoint': registering with JMX server as MBean [org.springframework.boot:type=Endpoint,name=requestMappingEndpoint]
31-10-2017 20:09:05.993 [main] INFO  o.s.b.a.e.jmx.EndpointMBeanExporter.registerBeanInstance - Located managed bean 'environmentEndpoint': registering with JMX server as MBean [org.springframework.boot:type=Endpoint,name=environmentEndpoint]
31-10-2017 20:09:06.022 [main] INFO  o.s.b.a.e.jmx.EndpointMBeanExporter.registerBeanInstance - Located managed bean 'healthEndpoint': registering with JMX server as MBean [org.springframework.boot:type=Endpoint,name=healthEndpoint]
31-10-2017 20:09:06.028 [main] INFO  o.s.b.a.e.jmx.EndpointMBeanExporter.registerBeanInstance - Located managed bean 'beansEndpoint': registering with JMX server as MBean [org.springframework.boot:type=Endpoint,name=beansEndpoint]
31-10-2017 20:09:06.036 [main] INFO  o.s.b.a.e.jmx.EndpointMBeanExporter.registerBeanInstance - Located managed bean 'infoEndpoint': registering with JMX server as MBean [org.springframework.boot:type=Endpoint,name=infoEndpoint]
31-10-2017 20:09:06.042 [main] INFO  o.s.b.a.e.jmx.EndpointMBeanExporter.registerBeanInstance - Located managed bean 'loggersEndpoint': registering with JMX server as MBean [org.springframework.boot:type=Endpoint,name=loggersEndpoint]
31-10-2017 20:09:06.056 [main] INFO  o.s.b.a.e.jmx.EndpointMBeanExporter.registerBeanInstance - Located managed bean 'metricsEndpoint': registering with JMX server as MBean [org.springframework.boot:type=Endpoint,name=metricsEndpoint]
31-10-2017 20:09:06.061 [main] INFO  o.s.b.a.e.jmx.EndpointMBeanExporter.registerBeanInstance - Located managed bean 'traceEndpoint': registering with JMX server as MBean [org.springframework.boot:type=Endpoint,name=traceEndpoint]
31-10-2017 20:09:06.067 [main] INFO  o.s.b.a.e.jmx.EndpointMBeanExporter.registerBeanInstance - Located managed bean 'dumpEndpoint': registering with JMX server as MBean [org.springframework.boot:type=Endpoint,name=dumpEndpoint]
31-10-2017 20:09:06.073 [main] INFO  o.s.b.a.e.jmx.EndpointMBeanExporter.registerBeanInstance - Located managed bean 'autoConfigurationReportEndpoint': registering with JMX server as MBean [org.springframework.boot:type=Endpoint,name=autoConfigurationReportEndpoint]
31-10-2017 20:09:06.078 [main] INFO  o.s.b.a.e.jmx.EndpointMBeanExporter.registerBeanInstance - Located managed bean 'configurationPropertiesReportEndpoint': registering with JMX server as MBean [org.springframework.boot:type=Endpoint,name=configurationPropertiesReportEndpoint]
31-10-2017 20:09:06.115 [main] INFO  o.a.coyote.http11.Http11NioProtocol.log - Initializing ProtocolHandler ["http-nio-8080"]
31-10-2017 20:09:06.144 [main] INFO  o.a.coyote.http11.Http11NioProtocol.log - Starting ProtocolHandler ["http-nio-8080"]
31-10-2017 20:09:06.166 [main] INFO  o.a.tomcat.util.net.NioSelectorPool.log - Using a shared selector for servlet write/read
31-10-2017 20:09:06.284 [main] INFO  o.s.b.c.e.t.TomcatEmbeddedServletContainer.start - Tomcat started on port(s): 8080 (http)
31-10-2017 20:09:06.296 [main] INFO  com.valsesia.test.springboot.App.logStarted - Started App in 5.932 seconds (JVM running for 11.643)
31-10-2017 20:09:27.685 [http-nio-8080-exec-1] INFO  o.a.c.c.C.[Tomcat].[localhost].[/].log - Initializing Spring FrameworkServlet 'dispatcherServlet'
31-10-2017 20:09:27.686 [http-nio-8080-exec-1] INFO  o.s.web.servlet.DispatcherServlet.initServletBean - FrameworkServlet 'dispatcherServlet': initialization started
31-10-2017 20:09:27.711 [http-nio-8080-exec-1] INFO  o.s.web.servlet.DispatcherServlet.initServletBean - FrameworkServlet 'dispatcherServlet': initialization completed in 25 ms
31-10-2017 20:09:27.776 [http-nio-8080-exec-1] DEBUG com.valsesia.test.springboot.App.home - Hello World!
31-10-2017 20:09:45.535 [http-nio-8080-exec-2] DEBUG com.valsesia.test.springboot.App.home - Hello World!
31-10-2017 20:09:46.149 [http-nio-8080-exec-4] DEBUG com.valsesia.test.springboot.App.home - Hello World!
31-10-2017 20:09:46.859 [http-nio-8080-exec-5] DEBUG com.valsesia.test.springboot.App.home - Hello World!
31-10-2017 20:09:49.661 [http-nio-8080-exec-6] DEBUG com.valsesia.test.springboot.App.home - Hello World!
31-10-2017 20:16:02.232 [main] INFO  com.valsesia.test.springboot.App.logStarting - Starting App on fedora26.valsesia with PID 15884 (/home/jvalsesia/Documents/Projects/springbootinit/target/classes started by jvalsesia in /home/jvalsesia/Documents/Projects/springbootinit)
31-10-2017 20:16:02.244 [main] DEBUG com.valsesia.test.springboot.App.logStarting - Running with Spring Boot v1.5.8.RELEASE, Spring v4.3.12.RELEASE
31-10-2017 20:16:02.245 [main] INFO  com.valsesia.test.springboot.App.logStartupProfileInfo - The following profiles are active: dev
31-10-2017 20:16:02.396 [main] INFO  o.s.b.c.e.AnnotationConfigEmbeddedWebApplicationContext.prepareRefresh - Refreshing org.springframework.boot.context.embedded.AnnotationConfigEmbeddedWebApplicationContext@51e9b8b2: startup date [Tue Oct 31 20:16:02 BRST 2017]; root of context hierarchy
31-10-2017 20:16:03.125 [background-preinit] INFO  o.h.validator.internal.util.Version.<clinit> - HV000001: Hibernate Validator 5.3.5.Final
31-10-2017 20:16:05.153 [main] INFO  o.s.b.c.e.t.TomcatEmbeddedServletContainer.initialize - Tomcat initialized with port(s): 8080 (http)
31-10-2017 20:16:05.178 [main] INFO  o.a.catalina.core.StandardService.log - Starting service [Tomcat]
31-10-2017 20:16:05.185 [main] INFO  o.a.catalina.core.StandardEngine.log - Starting Servlet Engine: Apache Tomcat/8.5.23
31-10-2017 20:16:05.340 [localhost-startStop-1] INFO  o.a.c.c.C.[Tomcat].[localhost].[/].log - Initializing Spring embedded WebApplicationContext
31-10-2017 20:16:05.341 [localhost-startStop-1] INFO  o.s.web.context.ContextLoader.prepareEmbeddedWebApplicationContext - Root WebApplicationContext: initialization completed in 2953 ms
31-10-2017 20:16:05.771 [localhost-startStop-1] INFO  o.s.b.w.s.ServletRegistrationBean.onStartup - Mapping servlet: 'dispatcherServlet' to [/]
31-10-2017 20:16:05.778 [localhost-startStop-1] INFO  o.s.b.w.s.FilterRegistrationBean.configure - Mapping filter: 'metricsFilter' to: [/*]
31-10-2017 20:16:05.780 [localhost-startStop-1] INFO  o.s.b.w.s.FilterRegistrationBean.configure - Mapping filter: 'characterEncodingFilter' to: [/*]
31-10-2017 20:16:05.780 [localhost-startStop-1] INFO  o.s.b.w.s.FilterRegistrationBean.configure - Mapping filter: 'hiddenHttpMethodFilter' to: [/*]
31-10-2017 20:16:05.781 [localhost-startStop-1] INFO  o.s.b.w.s.FilterRegistrationBean.configure - Mapping filter: 'httpPutFormContentFilter' to: [/*]
31-10-2017 20:16:05.781 [localhost-startStop-1] INFO  o.s.b.w.s.FilterRegistrationBean.configure - Mapping filter: 'requestContextFilter' to: [/*]
31-10-2017 20:16:05.782 [localhost-startStop-1] INFO  o.s.b.w.s.FilterRegistrationBean.configure - Mapping filter: 'webRequestLoggingFilter' to: [/*]
31-10-2017 20:16:05.782 [localhost-startStop-1] INFO  o.s.b.w.s.FilterRegistrationBean.configure - Mapping filter: 'applicationContextIdFilter' to: [/*]
31-10-2017 20:16:06.502 [main] INFO  o.s.w.s.m.m.a.RequestMappingHandlerAdapter.initControllerAdviceCache - Looking for @ControllerAdvice: org.springframework.boot.context.embedded.AnnotationConfigEmbeddedWebApplicationContext@51e9b8b2: startup date [Tue Oct 31 20:16:02 BRST 2017]; root of context hierarchy
31-10-2017 20:16:06.611 [main] INFO  o.s.w.s.m.m.a.RequestMappingHandlerMapping.register - Mapped "{[/]}" onto java.lang.String com.valsesia.test.springboot.App.home()
31-10-2017 20:16:06.620 [main] INFO  o.s.w.s.m.m.a.RequestMappingHandlerMapping.register - Mapped "{[/error],produces=[text/html]}" onto public org.springframework.web.servlet.ModelAndView org.springframework.boot.autoconfigure.web.BasicErrorController.errorHtml(javax.servlet.http.HttpServletRequest,javax.servlet.http.HttpServletResponse)
31-10-2017 20:16:06.621 [main] INFO  o.s.w.s.m.m.a.RequestMappingHandlerMapping.register - Mapped "{[/error]}" onto public org.springframework.http.ResponseEntity<java.util.Map<java.lang.String, java.lang.Object>> org.springframework.boot.autoconfigure.web.BasicErrorController.error(javax.servlet.http.HttpServletRequest)
31-10-2017 20:16:06.682 [main] INFO  o.s.w.s.h.SimpleUrlHandlerMapping.registerHandler - Mapped URL path [/webjars/**] onto handler of type [class org.springframework.web.servlet.resource.ResourceHttpRequestHandler]
31-10-2017 20:16:06.683 [main] INFO  o.s.w.s.h.SimpleUrlHandlerMapping.registerHandler - Mapped URL path [/**] onto handler of type [class org.springframework.web.servlet.resource.ResourceHttpRequestHandler]
31-10-2017 20:16:06.755 [main] INFO  o.s.w.s.h.SimpleUrlHandlerMapping.registerHandler - Mapped URL path [/**/favicon.ico] onto handler of type [class org.springframework.web.servlet.resource.ResourceHttpRequestHandler]
31-10-2017 20:16:07.339 [main] INFO  o.s.b.a.e.mvc.EndpointHandlerMapping.register - Mapped "{[/health || /health.json],methods=[GET],produces=[application/vnd.spring-boot.actuator.v1+json || application/json]}" onto public java.lang.Object org.springframework.boot.actuate.endpoint.mvc.HealthMvcEndpoint.invoke(javax.servlet.http.HttpServletRequest,java.security.Principal)
31-10-2017 20:16:07.341 [main] INFO  o.s.b.a.e.mvc.EndpointHandlerMapping.register - Mapped "{[/mappings || /mappings.json],methods=[GET],produces=[application/vnd.spring-boot.actuator.v1+json || application/json]}" onto public java.lang.Object org.springframework.boot.actuate.endpoint.mvc.EndpointMvcAdapter.invoke()
31-10-2017 20:16:07.343 [main] INFO  o.s.b.a.e.mvc.EndpointHandlerMapping.register - Mapped "{[/trace || /trace.json],methods=[GET],produces=[application/vnd.spring-boot.actuator.v1+json || application/json]}" onto public java.lang.Object org.springframework.boot.actuate.endpoint.mvc.EndpointMvcAdapter.invoke()
31-10-2017 20:16:07.345 [main] INFO  o.s.b.a.e.mvc.EndpointHandlerMapping.register - Mapped "{[/auditevents || /auditevents.json],methods=[GET],produces=[application/vnd.spring-boot.actuator.v1+json || application/json]}" onto public org.springframework.http.ResponseEntity<?> org.springframework.boot.actuate.endpoint.mvc.AuditEventsMvcEndpoint.findByPrincipalAndAfterAndType(java.lang.String,java.util.Date,java.lang.String)
31-10-2017 20:16:07.347 [main] INFO  o.s.b.a.e.mvc.EndpointHandlerMapping.register - Mapped "{[/configprops || /configprops.json],methods=[GET],produces=[application/vnd.spring-boot.actuator.v1+json || application/json]}" onto public java.lang.Object org.springframework.boot.actuate.endpoint.mvc.EndpointMvcAdapter.invoke()
31-10-2017 20:16:07.354 [main] INFO  o.s.b.a.e.mvc.EndpointHandlerMapping.register - Mapped "{[/env/{name:.*}],methods=[GET],produces=[application/vnd.spring-boot.actuator.v1+json || application/json]}" onto public java.lang.Object org.springframework.boot.actuate.endpoint.mvc.EnvironmentMvcEndpoint.value(java.lang.String)
31-10-2017 20:16:07.355 [main] INFO  o.s.b.a.e.mvc.EndpointHandlerMapping.register - Mapped "{[/env || /env.json],methods=[GET],produces=[application/vnd.spring-boot.actuator.v1+json || application/json]}" onto public java.lang.Object org.springframework.boot.actuate.endpoint.mvc.EndpointMvcAdapter.invoke()
31-10-2017 20:16:07.357 [main] INFO  o.s.b.a.e.mvc.EndpointHandlerMapping.register - Mapped "{[/autoconfig || /autoconfig.json],methods=[GET],produces=[application/vnd.spring-boot.actuator.v1+json || application/json]}" onto public java.lang.Object org.springframework.boot.actuate.endpoint.mvc.EndpointMvcAdapter.invoke()
31-10-2017 20:16:07.364 [main] INFO  o.s.b.a.e.mvc.EndpointHandlerMapping.register - Mapped "{[/loggers/{name:.*}],methods=[GET],produces=[application/vnd.spring-boot.actuator.v1+json || application/json]}" onto public java.lang.Object org.springframework.boot.actuate.endpoint.mvc.LoggersMvcEndpoint.get(java.lang.String)
31-10-2017 20:16:07.365 [main] INFO  o.s.b.a.e.mvc.EndpointHandlerMapping.register - Mapped "{[/loggers/{name:.*}],methods=[POST],consumes=[application/vnd.spring-boot.actuator.v1+json || application/json],produces=[application/vnd.spring-boot.actuator.v1+json || application/json]}" onto public java.lang.Object org.springframework.boot.actuate.endpoint.mvc.LoggersMvcEndpoint.set(java.lang.String,java.util.Map<java.lang.String, java.lang.String>)
31-10-2017 20:16:07.368 [main] INFO  o.s.b.a.e.mvc.EndpointHandlerMapping.register - Mapped "{[/loggers || /loggers.json],methods=[GET],produces=[application/vnd.spring-boot.actuator.v1+json || application/json]}" onto public java.lang.Object org.springframework.boot.actuate.endpoint.mvc.EndpointMvcAdapter.invoke()
31-10-2017 20:16:07.372 [main] INFO  o.s.b.a.e.mvc.EndpointHandlerMapping.register - Mapped "{[/logfile || /logfile.json],methods=[GET || HEAD]}" onto public void org.springframework.boot.actuate.endpoint.mvc.LogFileMvcEndpoint.invoke(javax.servlet.http.HttpServletRequest,javax.servlet.http.HttpServletResponse) throws javax.servlet.ServletException,java.io.IOException
31-10-2017 20:16:07.374 [main] INFO  o.s.b.a.e.mvc.EndpointHandlerMapping.register - Mapped "{[/info || /info.json],methods=[GET],produces=[application/vnd.spring-boot.actuator.v1+json || application/json]}" onto public java.lang.Object org.springframework.boot.actuate.endpoint.mvc.EndpointMvcAdapter.invoke()
31-10-2017 20:16:07.377 [main] INFO  o.s.b.a.e.mvc.EndpointHandlerMapping.register - Mapped "{[/metrics/{name:.*}],methods=[GET],produces=[application/vnd.spring-boot.actuator.v1+json || application/json]}" onto public java.lang.Object org.springframework.boot.actuate.endpoint.mvc.MetricsMvcEndpoint.value(java.lang.String)
31-10-2017 20:16:07.378 [main] INFO  o.s.b.a.e.mvc.EndpointHandlerMapping.register - Mapped "{[/metrics || /metrics.json],methods=[GET],produces=[application/vnd.spring-boot.actuator.v1+json || application/json]}" onto public java.lang.Object org.springframework.boot.actuate.endpoint.mvc.EndpointMvcAdapter.invoke()
31-10-2017 20:16:07.379 [main] INFO  o.s.b.a.e.mvc.EndpointHandlerMapping.register - Mapped "{[/dump || /dump.json],methods=[GET],produces=[application/vnd.spring-boot.actuator.v1+json || application/json]}" onto public java.lang.Object org.springframework.boot.actuate.endpoint.mvc.EndpointMvcAdapter.invoke()
31-10-2017 20:16:07.381 [main] INFO  o.s.b.a.e.mvc.EndpointHandlerMapping.register - Mapped "{[/heapdump || /heapdump.json],methods=[GET],produces=[application/octet-stream]}" onto public void org.springframework.boot.actuate.endpoint.mvc.HeapdumpMvcEndpoint.invoke(boolean,javax.servlet.http.HttpServletRequest,javax.servlet.http.HttpServletResponse) throws java.io.IOException,javax.servlet.ServletException
31-10-2017 20:16:07.383 [main] INFO  o.s.b.a.e.mvc.EndpointHandlerMapping.register - Mapped "{[/beans || /beans.json],methods=[GET],produces=[application/vnd.spring-boot.actuator.v1+json || application/json]}" onto public java.lang.Object org.springframework.boot.actuate.endpoint.mvc.EndpointMvcAdapter.invoke()
31-10-2017 20:16:07.619 [main] INFO  o.s.j.e.a.AnnotationMBeanExporter.afterSingletonsInstantiated - Registering beans for JMX exposure on startup
31-10-2017 20:16:07.638 [main] INFO  o.s.b.a.e.jmx.EndpointMBeanExporter.afterSingletonsInstantiated - Registering beans for JMX exposure on startup
31-10-2017 20:16:07.650 [main] INFO  o.s.c.s.DefaultLifecycleProcessor.start - Starting beans in phase 0
31-10-2017 20:16:07.656 [main] INFO  o.s.b.a.e.jmx.EndpointMBeanExporter.registerBeanInstance - Located managed bean 'auditEventsEndpoint': registering with JMX server as MBean [org.springframework.boot:type=Endpoint,name=auditEventsEndpoint]
31-10-2017 20:16:07.701 [main] INFO  o.s.b.a.e.jmx.EndpointMBeanExporter.registerBeanInstance - Located managed bean 'requestMappingEndpoint': registering with JMX server as MBean [org.springframework.boot:type=Endpoint,name=requestMappingEndpoint]
31-10-2017 20:16:07.728 [main] INFO  o.s.b.a.e.jmx.EndpointMBeanExporter.registerBeanInstance - Located managed bean 'environmentEndpoint': registering with JMX server as MBean [org.springframework.boot:type=Endpoint,name=environmentEndpoint]
31-10-2017 20:16:07.741 [main] INFO  o.s.b.a.e.jmx.EndpointMBeanExporter.registerBeanInstance - Located managed bean 'healthEndpoint': registering with JMX server as MBean [org.springframework.boot:type=Endpoint,name=healthEndpoint]
31-10-2017 20:16:07.747 [main] INFO  o.s.b.a.e.jmx.EndpointMBeanExporter.registerBeanInstance - Located managed bean 'beansEndpoint': registering with JMX server as MBean [org.springframework.boot:type=Endpoint,name=beansEndpoint]
31-10-2017 20:16:07.759 [main] INFO  o.s.b.a.e.jmx.EndpointMBeanExporter.registerBeanInstance - Located managed bean 'infoEndpoint': registering with JMX server as MBean [org.springframework.boot:type=Endpoint,name=infoEndpoint]
31-10-2017 20:16:07.765 [main] INFO  o.s.b.a.e.jmx.EndpointMBeanExporter.registerBeanInstance - Located managed bean 'loggersEndpoint': registering with JMX server as MBean [org.springframework.boot:type=Endpoint,name=loggersEndpoint]
31-10-2017 20:16:07.779 [main] INFO  o.s.b.a.e.jmx.EndpointMBeanExporter.registerBeanInstance - Located managed bean 'metricsEndpoint': registering with JMX server as MBean [org.springframework.boot:type=Endpoint,name=metricsEndpoint]
31-10-2017 20:16:07.785 [main] INFO  o.s.b.a.e.jmx.EndpointMBeanExporter.registerBeanInstance - Located managed bean 'traceEndpoint': registering with JMX server as MBean [org.springframework.boot:type=Endpoint,name=traceEndpoint]
31-10-2017 20:16:07.794 [main] INFO  o.s.b.a.e.jmx.EndpointMBeanExporter.registerBeanInstance - Located managed bean 'dumpEndpoint': registering with JMX server as MBean [org.springframework.boot:type=Endpoint,name=dumpEndpoint]
31-10-2017 20:16:07.800 [main] INFO  o.s.b.a.e.jmx.EndpointMBeanExporter.registerBeanInstance - Located managed bean 'autoConfigurationReportEndpoint': registering with JMX server as MBean [org.springframework.boot:type=Endpoint,name=autoConfigurationReportEndpoint]
31-10-2017 20:16:07.806 [main] INFO  o.s.b.a.e.jmx.EndpointMBeanExporter.registerBeanInstance - Located managed bean 'configurationPropertiesReportEndpoint': registering with JMX server as MBean [org.springframework.boot:type=Endpoint,name=configurationPropertiesReportEndpoint]
31-10-2017 20:16:07.887 [main] INFO  o.a.coyote.http11.Http11NioProtocol.log - Initializing ProtocolHandler ["http-nio-8080"]
31-10-2017 20:16:07.958 [main] INFO  o.a.coyote.http11.Http11NioProtocol.log - Starting ProtocolHandler ["http-nio-8080"]
31-10-2017 20:16:07.988 [main] INFO  o.a.tomcat.util.net.NioSelectorPool.log - Using a shared selector for servlet write/read
31-10-2017 20:16:08.040 [main] INFO  o.s.b.c.e.t.TomcatEmbeddedServletContainer.start - Tomcat started on port(s): 8080 (http)
31-10-2017 20:16:08.056 [main] INFO  com.valsesia.test.springboot.App.logStarted - Started App in 6.572 seconds (JVM running for 12.101)
